<?xml version="1.0" encoding="UTF-8"?>
<testsuite xmlns:xsi="http://www.w3.org/2001/XMLSchema-instance" xsi:noNamespaceSchemaLocation="https://maven.apache.org/surefire/maven-surefire-plugin/xsd/surefire-test-report-3.0.xsd" version="3.0" name="example.RunCucumberTest" time="0.72" tests="8" errors="0" skipped="0" failures="0">
  <properties>
[...]
</properties>
  <testcase name="Example #1.1" classname="Examples" time="0.085"/>
  <testcase name="Example #1.2" classname="Examples" time="0.006"/>
  <testcase name="Example #1.3" classname="Examples" time="0.004"/>
  <testcase name="Example #1.4" classname="Examples" time="0.004"/>
  <testcase name="Example #1.5" classname="Examples" time="0.004"/>
  <testcase name="Example #1.6" classname="Examples" time="0.007"/>
  <testcase name="Example #1.7" classname="Examples" time="0.004"/>
  <testcase name="The example" classname="An example" time="0.003"/>
</testsuite>